d:\github\trial\data_generator\x64\debug\vc143.pdb
d:\github\trial\data_generator\x64\debug\vc143.idb
d:\github\trial\data_generator\x64\debug\data_generator.obj
d:\github\trial\data_generator\x64\debug\cclient.obj
d:\github\coding_test\data_generator\x64\debug\vc143.pdb
d:\github\coding_test\data_generator\x64\debug\vc143.idb
d:\github\coding_test\data_generator\x64\debug\data_generator.obj
d:\github\coding_test\data_generator\x64\debug\cclient.obj
d:\github\trial\data_generator\x64\debug\data_generator.exe
d:\github\trial\data_generator\x64\debug\data_generator.ilk
d:\github\trial\data_generator\x64\debug\data_generator.pdb
d:\github\coding_test\data_generator\x64\debug\data_generator.exe
d:\github\coding_test\data_generator\x64\debug\data_generator.ilk
d:\github\coding_test\data_generator\x64\debug\data_generator.pdb
d:\github\coding_test\data_generator\x64\debug\data_generator.tlog\cl.command.1.tlog
d:\github\coding_test\data_generator\x64\debug\data_generator.tlog\cl.read.1.tlog
d:\github\coding_test\data_generator\x64\debug\data_generator.tlog\cl.write.1.tlog
d:\github\coding_test\data_generator\x64\debug\data_generator.tlog\link.command.1.tlog
d:\github\coding_test\data_generator\x64\debug\data_generator.tlog\link.read.1.tlog
d:\github\coding_test\data_generator\x64\debug\data_generator.tlog\link.write.1.tlog
